#
# A fatal error has been detected by the Java Runtime Environment:
#
#  SIGSEGV (0xb) at pc=0x000000010de4c594, pid=81895, tid=0x0000000000003607
#
# JRE version: Java(TM) SE Runtime Environment (8.0_101-b13) (build 1.8.0_101-b13)
# Java VM: Java HotSpot(TM) 64-Bit Server VM (25.101-b13 mixed mode bsd-amd64 compressed oops)
# Problematic frame:
# V  [libjvm.dylib+0x44c594]  Method::checked_resolve_jmethod_id(_jmethodID*)+0xe
#
# Failed to write core dump. Core dumps have been disabled. To enable core dumping, try "ulimit -c unlimited" before starting Java again
#
# If you would like to submit a bug report, please visit:
#   http://bugreport.java.com/bugreport/crash.jsp
#

---------------  T H R E A D  ---------------

Current thread (0x00007faa10804800):  JavaThread "JDWP Transport Listener: dt_socket" daemon [_thread_in_vm, id=13831, stack(0x000070000eb6a000,0x000070000ec6a000)]

siginfo: si_signo: 11 (SIGSEGV), si_code: 1 (SEGV_MAPERR), si_addr: 0x000000062a2e7269

Registers:
RAX=0x0000000000000001, RBX=0x000070000ec69a8b, RCX=0x000000010e21f360, RDX=0x000070000ec69a8b
RSP=0x000070000ec699d0, RBP=0x000070000ec699e0, RSI=0x00007faa10804800, RDI=0x000000062a2e7269
R8 =0x0000000000000000, R9 =0x00007faa0f53ed60, R10=0x000007faa0f53964, R11=0x0000000000000001
R12=0x00007faa10804800, R13=0x000000062a2e7269, R14=0x000000062a2e7269, R15=0x00007faa0f501c60
RIP=0x000000010de4c594, EFLAGS=0x0000000000010206, ERR=0x0000000000000004
  TRAPNO=0x000000000000000e

Top of Stack: (sp=0x000070000ec699d0)
0x000070000ec699d0:   000070000ec69a8b 000070000ec69a8b
0x000070000ec699e0:   000070000ec69a40 000000010dd580d2
0x000070000ec699f0:   00007faa10804800 0000000000000000
0x000070000ec69a00:   0000000000000000 0000000000000000
0x000070000ec69a10:   00007faa10804800 00007faa10804800
0x000070000ec69a20:   000070000ec69a8b 000070000ec69a90
0x000070000ec69a30:   000000062a2e7269 0000000000000008
0x000070000ec69a40:   000070000ec69a60 000000010d12f780
0x000070000ec69a50:   0000000000000001 000070000ec69b08
0x000070000ec69a60:   000070000ec69ad0 000000010d1141f3
0x000070000ec69a70:   000070000ec69aa0 00007faa0f53f680
0x000070000ec69a80:   0000000a00000032 0000000800c69b08
0x000070000ec69a90:   0000000000000000 0000000000000000
0x000070000ec69aa0:   0000000000000000 000070000ec69c90
0x000070000ec69ab0:   000000010d136e7a 00007faa0f53e990
0x000070000ec69ac0:   000070000ec69b08 000000010d142598
0x000070000ec69ad0:   000070000ec69ae0 000000010d1142ec
0x000070000ec69ae0:   000070000ec69d00 000000010d11d898
0x000070000ec69af0:   00001f2000000013 00000000000f0200
0x000070000ec69b00:   00007faa0f53ec60 00007faa0f53f962
0x000070000ec69b10:   0000000000000196 00007faa0f53c360
0x000070000ec69b20:   000001000000012c 000070000ec69b58
0x000070000ec69b30:   00007faa0f53c360 00007f0000000000
0x000070000ec69b40:   00001f20000001f9 00007faa0000f680
0x000070000ec69b50:   0000000000000000 aa7f00000a000000
0x000070000ec69b60:   0d0000004800620f 65746164696c6176
0x000070000ec69b70:   0000006564617247 2f6176616a4c2816
0x000070000ec69b80:   7274532f676e616c 005629493b676e69
0x000070000ec69b90:   000a000000000000 00c0df710faa7f00
0x000070000ec69ba0:   466e65706f080000 281a000000656c69
0x000070000ec69bb0:   692f6176616a4c29 7265666675422f6f
0x000070000ec69bc0:   7265646165526465 000000000000003b 

Instructions: (pc=0x000000010de4c594)
0x000000010de4c574:   40 48 48 85 c0 75 e0 30 c0 0f b6 c0 5d c3 31 c0
0x000000010de4c584:   5d c3 55 48 89 e5 53 48 83 ec 08 48 85 ff 74 24
0x000000010de4c594:   48 8b 1f 48 85 db 74 1c 48 83 fb 37 74 16 48 8b
0x000000010de4c5a4:   03 48 89 df ff 50 10 84 c0 b8 00 00 00 00 48 0f 

Register to memory mapping:

RAX=0x0000000000000001 is an unknown value
RBX=0x000070000ec69a8b is pointing into the stack for thread: 0x00007faa10804800
RCX=0x000000010e21f360: UseMembar+0 in /Library/Java/JavaVirtualMachines/jdk1.8.0_101.jdk/Contents/Home/jre/lib/server/libjvm.dylib at 0x000000010da00000
RDX=0x000070000ec69a8b is pointing into the stack for thread: 0x00007faa10804800
RSP=0x000070000ec699d0 is pointing into the stack for thread: 0x00007faa10804800
RBP=0x000070000ec699e0 is pointing into the stack for thread: 0x00007faa10804800
RSI=0x00007faa10804800 is a thread
RDI=0x000000062a2e7269 is an unknown value
R8 =0x0000000000000000 is an unknown value
R9 =0x00007faa0f53ed60 is an unknown value
R10=0x000007faa0f53964 is an unknown value
R11=0x0000000000000001 is an unknown value
R12=0x00007faa10804800 is a thread
R13=0x000000062a2e7269 is an unknown value
R14=0x000000062a2e7269 is an unknown value
R15=0x00007faa0f501c60 is an unknown value


Stack: [0x000070000eb6a000,0x000070000ec6a000],  sp=0x000070000ec699d0,  free space=1022k
Native frames: (J=compiled Java code, j=interpreted, Vv=VM code, C=native code)
V  [libjvm.dylib+0x44c594]  Method::checked_resolve_jmethod_id(_jmethodID*)+0xe
V  [libjvm.dylib+0x3580d2]  jvmti_IsMethodSynthetic+0xb2
C  [libjdwp.dylib+0x20780]  isMethodSynthetic+0x63
C  [libjdwp.dylib+0x51f3]  methods1+0x10b
C  [libjdwp.dylib+0x52ec]  methodsWithGeneric+0xe
C  [libjdwp.dylib+0xe898]  debugLoop_run+0x1ce
C  [libjdwp.dylib+0x1f6ba]  attachThread+0x4d
V  [libjvm.dylib+0x399438]  JvmtiAgentThread::call_start_function()+0x38
V  [libjvm.dylib+0x5695ab]  JavaThread::thread_main_inner()+0x9b
V  [libjvm.dylib+0x56ac98]  JavaThread::run()+0x1c2
V  [libjvm.dylib+0x48933a]  java_start(Thread*)+0xf6
C  [libsystem_pthread.dylib+0x3661]  _pthread_body+0x154
C  [libsystem_pthread.dylib+0x350d]  _pthread_body+0x0
C  [libsystem_pthread.dylib+0x2bf9]  thread_start+0xd
C  0x0000000000000000


---------------  P R O C E S S  ---------------

Java Threads: ( => current thread )
  0x00007faa0f829800 JavaThread "Service Thread" daemon [_thread_blocked, id=15875, stack(0x000070000f17c000,0x000070000f27c000)]
  0x00007faa100b1000 JavaThread "C1 CompilerThread2" daemon [_thread_blocked, id=16387, stack(0x000070000f079000,0x000070000f179000)]
  0x00007faa1105b800 JavaThread "C2 CompilerThread1" daemon [_thread_blocked, id=16899, stack(0x000070000ef76000,0x000070000f076000)]
  0x00007faa10812800 JavaThread "C2 CompilerThread0" daemon [_thread_blocked, id=17155, stack(0x000070000ee73000,0x000070000ef73000)]
  0x00007faa0f826000 JavaThread "JDWP Command Reader" daemon [_thread_in_native, id=14339, stack(0x000070000ed70000,0x000070000ee70000)]
  0x00007faa0f825800 JavaThread "JDWP Event Helper Thread" daemon [_thread_blocked, id=14083, stack(0x000070000ec6d000,0x000070000ed6d000)]
=>0x00007faa10804800 JavaThread "JDWP Transport Listener: dt_socket" daemon [_thread_in_vm, id=13831, stack(0x000070000eb6a000,0x000070000ec6a000)]
  0x00007faa1003e000 JavaThread "Signal Dispatcher" daemon [_thread_blocked, id=18435, stack(0x000070000ea67000,0x000070000eb67000)]
  0x00007faa1103d800 JavaThread "Finalizer" daemon [_thread_blocked, id=12035, stack(0x000070000e964000,0x000070000ea64000)]
  0x00007faa0f819000 JavaThread "Reference Handler" daemon [_thread_blocked, id=11779, stack(0x000070000e861000,0x000070000e961000)]
  0x00007faa0f808800 JavaThread "main" [_thread_blocked, id=6659, stack(0x000070000e24f000,0x000070000e34f000)]

Other Threads:
  0x00007faa1003b000 VMThread [stack: 0x000070000e75e000,0x000070000e85e000] [id=20995]
  0x00007faa10813000 WatcherThread [stack: 0x000070000f27f000,0x000070000f37f000] [id=15619]

VM state:not at safepoint (normal execution)

VM Mutex/Monitor currently owned by a thread: None

Heap:
 PSYoungGen      total 76288K, used 6567K [0x000000076ab00000, 0x0000000770000000, 0x00000007c0000000)
  eden space 65536K, 10% used [0x000000076ab00000,0x000000076b169f88,0x000000076eb00000)
  from space 10752K, 0% used [0x000000076f580000,0x000000076f580000,0x0000000770000000)
  to   space 10752K, 0% used [0x000000076eb00000,0x000000076eb00000,0x000000076f580000)
 ParOldGen       total 175104K, used 0K [0x00000006c0000000, 0x00000006cab00000, 0x000000076ab00000)
  object space 175104K, 0% used [0x00000006c0000000,0x00000006c0000000,0x00000006cab00000)
 Metaspace       used 3808K, capacity 4652K, committed 4864K, reserved 1056768K
  class space    used 407K, capacity 468K, committed 512K, reserved 1048576K

Card table byte_map: [0x000000010ed66000,0x000000010f567000] byte_map_base: 0x000000010b766000

Marking Bits: (ParMarkBitMap*) 0x000000010e2edd20
 Begin Bits: [0x000000011ef81000, 0x0000000122f81000)
 End Bits:   [0x0000000122f81000, 0x0000000126f81000)

Polling page: 0x000000010d10e000

CodeCache: size=245760Kb used=1318Kb max_used=1318Kb free=244441Kb
 bounds [0x000000010fa2b000, 0x000000010fc9b000, 0x000000011ea2b000]
 total_blobs=359 nmethods=101 adapters=180
 compilation: enabled

Compilation events (10 events):
Event: 0.228 Thread 0x00007faa100b1000  101       3       java.nio.charset.CharsetEncoder::maxBytesPerChar (5 bytes)
Event: 0.228 Thread 0x00007faa100b1000 nmethod 101 0x000000010fb6fcd0 code [0x000000010fb6fe20, 0x000000010fb6ff70]
Event: 0.228 Thread 0x00007faa100b1000   97       3       java.util.zip.ZipCoder::getBytes (192 bytes)
Event: 0.230 Thread 0x00007faa100b1000 nmethod 97 0x000000010fb6ffd0 code [0x000000010fb703a0, 0x000000010fb72638]
Event: 0.230 Thread 0x00007faa100b1000   98       3       java.util.zip.ZipCoder::encoder (35 bytes)
Event: 0.230 Thread 0x00007faa100b1000 nmethod 98 0x000000010fb73a50 code [0x000000010fb73c00, 0x000000010fb74288]
Event: 0.230 Thread 0x00007faa100b1000   99       3       java.nio.charset.CharsetEncoder::reset (11 bytes)
Event: 0.231 Thread 0x00007faa100b1000 nmethod 99 0x000000010fb74450 code [0x000000010fb745c0, 0x000000010fb747f0]
Event: 0.231 Thread 0x00007faa100b1000  100       3       java.nio.charset.CharsetEncoder::implReset (1 bytes)
Event: 0.231 Thread 0x00007faa100b1000 nmethod 100 0x000000010fb74890 code [0x000000010fb749e0, 0x000000010fb74b30]

GC Heap History (0 events):
No events

Deoptimization events (0 events):
No events

Internal exceptions (6 events):
Event: 0.037 Thread 0x00007faa0f808800 Exception <a 'java/lang/NoSuchMethodError': Method sun.misc.Unsafe.defineClass(Ljava/lang/String;[BII)Ljava/lang/Class; name or signature does not match> (0x000000076ab07cc0) thrown at [/HUDSON3/workspace/8-2-build-macosx-x86_64/jdk8u101/7261/hotspot/src/
Event: 0.037 Thread 0x00007faa0f808800 Exception <a 'java/lang/NoSuchMethodError': Method sun.misc.Unsafe.prefetchRead(Ljava/lang/Object;J)V name or signature does not match> (0x000000076ab07fa8) thrown at [/HUDSON3/workspace/8-2-build-macosx-x86_64/jdk8u101/7261/hotspot/src/share/vm/prims/jni
Event: 0.182 Thread 0x00007faa0f808800 Exception <a 'java/security/PrivilegedActionException'> (0x000000076ae8f760) thrown at [/HUDSON3/workspace/8-2-build-macosx-x86_64/jdk8u101/7261/hotspot/src/share/vm/prims/jvm.cpp, line 1386]
Event: 0.182 Thread 0x00007faa0f808800 Exception <a 'java/security/PrivilegedActionException'> (0x000000076ae8fb58) thrown at [/HUDSON3/workspace/8-2-build-macosx-x86_64/jdk8u101/7261/hotspot/src/share/vm/prims/jvm.cpp, line 1386]
Event: 0.183 Thread 0x00007faa0f808800 Exception <a 'java/security/PrivilegedActionException'> (0x000000076ae93230) thrown at [/HUDSON3/workspace/8-2-build-macosx-x86_64/jdk8u101/7261/hotspot/src/share/vm/prims/jvm.cpp, line 1386]
Event: 0.183 Thread 0x00007faa0f808800 Exception <a 'java/security/PrivilegedActionException'> (0x000000076ae93628) thrown at [/HUDSON3/workspace/8-2-build-macosx-x86_64/jdk8u101/7261/hotspot/src/share/vm/prims/jvm.cpp, line 1386]

Events (10 events):
Event: 48.140 Executing VM operation: GetOrSetLocal
Event: 48.140 Executing VM operation: GetOrSetLocal done
Event: 48.140 Executing VM operation: GetOrSetLocal
Event: 48.140 Executing VM operation: GetOrSetLocal done
Event: 170.194 Executing VM operation: ChangeBreakpoints
Event: 170.194 Executing VM operation: ChangeBreakpoints done
Event: 170.194 Executing VM operation: ChangeBreakpoints
Event: 170.194 Executing VM operation: ChangeBreakpoints done
Event: 170.197 Executing VM operation: RedefineClasses
Event: 170.197 Executing VM operation: RedefineClasses done


Dynamic libraries:
0x000000001df91000 	/System/Library/Frameworks/Cocoa.framework/Versions/A/Cocoa
0x000000001df91000 	/System/Library/Frameworks/Security.framework/Versions/A/Security
0x000000001df91000 	/System/Library/Frameworks/ApplicationServices.framework/Versions/A/ApplicationServices
0x000000001df91000 	/usr/lib/libz.1.dylib
0x000000001df91000 	/usr/lib/libSystem.B.dylib
0x000000001df91000 	/usr/lib/libobjc.A.dylib
0x000000001df91000 	/System/Library/Frameworks/CoreFoundation.framework/Versions/A/CoreFoundation
0x000000001df91000 	/System/Library/Frameworks/Foundation.framework/Versions/C/Foundation
0x000000001df91000 	/System/Library/Frameworks/AppKit.framework/Versions/C/AppKit
0x000000001df91000 	/System/Library/Frameworks/CoreData.framework/Versions/A/CoreData
0x000000001df91000 	/System/Library/PrivateFrameworks/RemoteViewServices.framework/Versions/A/RemoteViewServices
0x000000001df91000 	/System/Library/PrivateFrameworks/UIFoundation.framework/Versions/A/UIFoundation
0x000000001df91000 	/System/Library/PrivateFrameworks/DFRFoundation.framework/Versions/A/DFRFoundation
0x000000001df91000 	/System/Library/Frameworks/Metal.framework/Versions/A/Metal
0x000000001df91000 	/System/Library/PrivateFrameworks/DesktopServicesPriv.framework/Versions/A/DesktopServicesPriv
0x000000001df91000 	/usr/lib/libenergytrace.dylib
0x000000001df91000 	/System/Library/PrivateFrameworks/SkyLight.framework/Versions/A/SkyLight
0x000000001df91000 	/System/Library/Frameworks/CoreGraphics.framework/Versions/A/CoreGraphics
0x000000001df91000 	/usr/lib/libScreenReader.dylib
0x000000001df91000 	/System/Library/Frameworks/Accelerate.framework/Versions/A/Accelerate
0x000000001df91000 	/System/Library/Frameworks/IOSurface.framework/Versions/A/IOSurface
0x000000001df91000 	/System/Library/Frameworks/AudioToolbox.framework/Versions/A/AudioToolbox
0x000000001df91000 	/System/Library/Frameworks/AudioUnit.framework/Versions/A/AudioUnit
0x000000001df91000 	/System/Library/PrivateFrameworks/DataDetectorsCore.framework/Versions/A/DataDetectorsCore
0x000000001df91000 	/System/Library/Frameworks/Carbon.framework/Versions/A/Frameworks/HIToolbox.framework/Versions/A/HIToolbox
0x000000001df91000 	/usr/lib/libicucore.A.dylib
0x000000001df91000 	/System/Library/Frameworks/QuartzCore.framework/Versions/A/QuartzCore
0x000000001df91000 	/System/Library/PrivateFrameworks/SignpostNotification.framework/Versions/A/SignpostNotification
0x000000001df91000 	/System/Library/Frameworks/Carbon.framework/Versions/A/Frameworks/SpeechRecognition.framework/Versions/A/SpeechRecognition
0x000000001df91000 	/usr/lib/libauto.dylib
0x000000001df91000 	/usr/lib/libxml2.2.dylib
0x000000001df91000 	/System/Library/PrivateFrameworks/CoreUI.framework/Versions/A/CoreUI
0x000000001df91000 	/System/Library/Frameworks/CoreAudio.framework/Versions/A/CoreAudio
0x000000001df91000 	/System/Library/Frameworks/DiskArbitration.framework/Versions/A/DiskArbitration
0x000000001df91000 	/usr/lib/liblangid.dylib
0x000000001df91000 	/System/Library/PrivateFrameworks/MultitouchSupport.framework/Versions/A/MultitouchSupport
0x000000001df91000 	/System/Library/Frameworks/IOKit.framework/Versions/A/IOKit
0x000000001df91000 	/usr/lib/libDiagnosticMessagesClient.dylib
0x000000001df91000 	/System/Library/Frameworks/CoreServices.framework/Versions/A/CoreServices
0x000000001df91000 	/System/Library/PrivateFrameworks/PerformanceAnalysis.framework/Versions/A/PerformanceAnalysis
0x000000001df91000 	/System/Library/Frameworks/OpenGL.framework/Versions/A/OpenGL
0x000000001df91000 	/System/Library/Frameworks/ColorSync.framework/Versions/A/ColorSync
0x000000001df91000 	/System/Library/Frameworks/CoreImage.framework/Versions/A/CoreImage
0x000000001df91000 	/System/Library/Frameworks/CoreText.framework/Versions/A/CoreText
0x000000001df91000 	/System/Library/Frameworks/ImageIO.framework/Versions/A/ImageIO
0x000000001df91000 	/System/Library/PrivateFrameworks/Backup.framework/Versions/A/Backup
0x000000001df91000 	/usr/lib/libarchive.2.dylib
0x000000001df91000 	/System/Library/Frameworks/CFNetwork.framework/Versions/A/CFNetwork
0x000000001df91000 	/System/Library/Frameworks/SystemConfiguration.framework/Versions/A/SystemConfiguration
0x000000001df91000 	/usr/lib/libCRFSuite.dylib
0x000000001df91000 	/usr/lib/libc++.1.dylib
0x000000001df91000 	/usr/lib/libc++abi.dylib
0x000000001df91000 	/usr/lib/system/libcache.dylib
0x000000001df91000 	/usr/lib/system/libcommonCrypto.dylib
0x000000001df91000 	/usr/lib/system/libcompiler_rt.dylib
0x000000001df91000 	/usr/lib/system/libcopyfile.dylib
0x000000001df91000 	/usr/lib/system/libcorecrypto.dylib
0x000000001df91000 	/usr/lib/system/libdispatch.dylib
0x000000001df91000 	/usr/lib/system/libdyld.dylib
0x000000001df91000 	/usr/lib/system/libkeymgr.dylib
0x000000001df91000 	/usr/lib/system/liblaunch.dylib
0x000000001df91000 	/usr/lib/system/libmacho.dylib
0x000000001df91000 	/usr/lib/system/libquarantine.dylib
0x000000001df91000 	/usr/lib/system/libremovefile.dylib
0x000000001df91000 	/usr/lib/system/libsystem_asl.dylib
0x000000001df91000 	/usr/lib/system/libsystem_blocks.dylib
0x000000001df91000 	/usr/lib/system/libsystem_c.dylib
0x000000001df91000 	/usr/lib/system/libsystem_configuration.dylib
0x000000001df91000 	/usr/lib/system/libsystem_coreservices.dylib
0x000000001df91000 	/usr/lib/system/libsystem_darwin.dylib
0x000000001df91000 	/usr/lib/system/libsystem_dnssd.dylib
0x000000001df91000 	/usr/lib/system/libsystem_info.dylib
0x000000001df91000 	/usr/lib/system/libsystem_m.dylib
0x000000001df91000 	/usr/lib/system/libsystem_malloc.dylib
0x000000001df91000 	/usr/lib/system/libsystem_network.dylib
0x000000001df91000 	/usr/lib/system/libsystem_networkextension.dylib
0x000000001df91000 	/usr/lib/system/libsystem_notify.dylib
0x000000001df91000 	/usr/lib/system/libsystem_sandbox.dylib
0x000000001df91000 	/usr/lib/system/libsystem_secinit.dylib
0x000000001df91000 	/usr/lib/system/libsystem_kernel.dylib
0x000000001df91000 	/usr/lib/system/libsystem_platform.dylib
0x000000001df91000 	/usr/lib/system/libsystem_pthread.dylib
0x000000001df91000 	/usr/lib/system/libsystem_symptoms.dylib
0x000000001df91000 	/usr/lib/system/libsystem_trace.dylib
0x000000001df91000 	/usr/lib/system/libunwind.dylib
0x000000001df91000 	/usr/lib/system/libxpc.dylib
0x000000001df91000 	/usr/lib/closure/libclosured.dylib
0x000000001df91000 	/usr/lib/libbsm.0.dylib
0x000000001df91000 	/usr/lib/system/libkxld.dylib
0x000000001df91000 	/usr/lib/libOpenScriptingUtil.dylib
0x000000001df91000 	/usr/lib/libcoretls.dylib
0x000000001df91000 	/usr/lib/libcoretls_cfhelpers.dylib
0x000000001df91000 	/usr/lib/libpam.2.dylib
0x000000001df91000 	/usr/lib/libsqlite3.dylib
0x000000001df91000 	/usr/lib/libxar.1.dylib
0x000000001df91000 	/usr/lib/libbz2.1.0.dylib
0x000000001df91000 	/usr/lib/liblzma.5.dylib
0x000000001df91000 	/usr/lib/libnetwork.dylib
0x000000001df91000 	/usr/lib/libapple_nghttp2.dylib
0x000000001df91000 	/usr/lib/libpcap.A.dylib
0x000000001df91000 	/usr/lib/libboringssl.dylib
0x000000001df91000 	/usr/lib/libusrtcp.dylib
0x000000001df91000 	/usr/lib/libapple_crypto.dylib
0x000000001df91000 	/System/Library/Frameworks/CoreServices.framework/Versions/A/Frameworks/FSEvents.framework/Versions/A/FSEvents
0x000000001df91000 	/System/Library/Frameworks/CoreServices.framework/Versions/A/Frameworks/CarbonCore.framework/Versions/A/CarbonCore
0x000000001df91000 	/System/Library/Frameworks/CoreServices.framework/Versions/A/Frameworks/Metadata.framework/Versions/A/Metadata
0x000000001df91000 	/System/Library/Frameworks/CoreServices.framework/Versions/A/Frameworks/OSServices.framework/Versions/A/OSServices
0x000000001df91000 	/System/Library/Frameworks/CoreServices.framework/Versions/A/Frameworks/SearchKit.framework/Versions/A/SearchKit
0x000000001df91000 	/System/Library/Frameworks/CoreServices.framework/Versions/A/Frameworks/AE.framework/Versions/A/AE
0x000000001df91000 	/System/Library/Frameworks/CoreServices.framework/Versions/A/Frameworks/LaunchServices.framework/Versions/A/LaunchServices
0x000000001df91000 	/System/Library/Frameworks/CoreServices.framework/Versions/A/Frameworks/DictionaryServices.framework/Versions/A/DictionaryServices
0x000000001df91000 	/System/Library/Frameworks/CoreServices.framework/Versions/A/Frameworks/SharedFileList.framework/Versions/A/SharedFileList
0x000000001df91000 	/System/Library/Frameworks/NetFS.framework/Versions/A/NetFS
0x000000001df91000 	/System/Library/PrivateFrameworks/NetAuth.framework/Versions/A/NetAuth
0x000000001df91000 	/System/Library/PrivateFrameworks/login.framework/Versions/A/Frameworks/loginsupport.framework/Versions/A/loginsupport
0x000000001df91000 	/System/Library/PrivateFrameworks/TCC.framework/Versions/A/TCC
0x000000001df91000 	/usr/lib/libmecabra.dylib
0x000000001df91000 	/System/Library/Frameworks/ApplicationServices.framework/Versions/A/Frameworks/ATS.framework/Versions/A/ATS
0x000000001df91000 	/System/Library/Frameworks/ApplicationServices.framework/Versions/A/Frameworks/ColorSyncLegacy.framework/Versions/A/ColorSyncLegacy
0x000000001df91000 	/System/Library/Frameworks/ApplicationServices.framework/Versions/A/Frameworks/HIServices.framework/Versions/A/HIServices
0x000000001df91000 	/System/Library/Frameworks/ApplicationServices.framework/Versions/A/Frameworks/LangAnalysis.framework/Versions/A/LangAnalysis
0x000000001df91000 	/System/Library/Frameworks/ApplicationServices.framework/Versions/A/Frameworks/PrintCore.framework/Versions/A/PrintCore
0x000000001df91000 	/System/Library/Frameworks/ApplicationServices.framework/Versions/A/Frameworks/QD.framework/Versions/A/QD
0x000000001df91000 	/System/Library/Frameworks/ApplicationServices.framework/Versions/A/Frameworks/SpeechSynthesis.framework/Versions/A/SpeechSynthesis
0x000000001df91000 	/System/Library/Frameworks/CoreDisplay.framework/Versions/A/CoreDisplay
0x000000001df91000 	/System/Library/Frameworks/Accelerate.framework/Versions/A/Frameworks/vImage.framework/Versions/A/vImage
0x000000001df91000 	/System/Library/Frameworks/Accelerate.framework/Versions/A/Frameworks/vecLib.framework/Versions/A/vecLib
0x000000001df91000 	/System/Library/Frameworks/Accelerate.framework/Versions/A/Frameworks/vecLib.framework/Versions/A/libvDSP.dylib
0x000000001df91000 	/System/Library/Frameworks/Accelerate.framework/Versions/A/Frameworks/vecLib.framework/Versions/A/libBNNS.dylib
0x000000001df91000 	/System/Library/Frameworks/Accelerate.framework/Versions/A/Frameworks/vecLib.framework/Versions/A/libQuadrature.dylib
0x000000001df91000 	/System/Library/Frameworks/Accelerate.framework/Versions/A/Frameworks/vecLib.framework/Versions/A/libvMisc.dylib
0x000000001df91000 	/System/Library/Frameworks/Accelerate.framework/Versions/A/Frameworks/vecLib.framework/Versions/A/libLAPACK.dylib
0x000000001df91000 	/System/Library/Frameworks/Accelerate.framework/Versions/A/Frameworks/vecLib.framework/Versions/A/libBLAS.dylib
0x000000001df91000 	/System/Library/Frameworks/Accelerate.framework/Versions/A/Frameworks/vecLib.framework/Versions/A/libLinearAlgebra.dylib
0x000000001df91000 	/System/Library/Frameworks/Accelerate.framework/Versions/A/Frameworks/vecLib.framework/Versions/A/libSparse.dylib
0x000000001df91000 	/System/Library/Frameworks/Accelerate.framework/Versions/A/Frameworks/vecLib.framework/Versions/A/libSparseBLAS.dylib
0x000000001df91000 	/System/Library/PrivateFrameworks/GPUWrangler.framework/Versions/A/GPUWrangler
0x000000001df91000 	/System/Library/PrivateFrameworks/IOAccelerator.framework/Versions/A/IOAccelerator
0x000000001df91000 	/System/Library/PrivateFrameworks/IOPresentment.framework/Versions/A/IOPresentment
0x000000001df91000 	/System/Library/PrivateFrameworks/DSExternalDisplay.framework/Versions/A/DSExternalDisplay
0x000000001df91000 	/System/Library/Frameworks/OpenGL.framework/Versions/A/Libraries/libCoreFSCache.dylib
0x000000001df91000 	/System/Library/Frameworks/CoreVideo.framework/Versions/A/CoreVideo
0x000000001df91000 	/System/Library/PrivateFrameworks/GraphVisualizer.framework/Versions/A/GraphVisualizer
0x000000001df91000 	/System/Library/Frameworks/MetalPerformanceShaders.framework/Versions/A/MetalPerformanceShaders
0x000000001df91000 	/usr/lib/libFosl_dynamic.dylib
0x000000001df91000 	/System/Library/PrivateFrameworks/FaceCore.framework/Versions/A/FaceCore
0x000000001df91000 	/System/Library/Frameworks/OpenCL.framework/Versions/A/OpenCL
0x000000001df91000 	/usr/lib/libcompression.dylib
0x000000001df91000 	/System/Library/Frameworks/ApplicationServices.framework/Versions/A/Frameworks/ATS.framework/Versions/A/Resources/libFontParser.dylib
0x000000001df91000 	/System/Library/Frameworks/ApplicationServices.framework/Versions/A/Frameworks/ATS.framework/Versions/A/Resources/libFontRegistry.dylib
0x000000001df91000 	/System/Library/Frameworks/ImageIO.framework/Versions/A/Resources/libJPEG.dylib
0x000000001df91000 	/System/Library/Frameworks/ImageIO.framework/Versions/A/Resources/libTIFF.dylib
0x000000001df91000 	/System/Library/Frameworks/ImageIO.framework/Versions/A/Resources/libPng.dylib
0x000000001df91000 	/System/Library/Frameworks/ImageIO.framework/Versions/A/Resources/libGIF.dylib
0x000000001df91000 	/System/Library/Frameworks/ImageIO.framework/Versions/A/Resources/libJP2.dylib
0x000000001df91000 	/System/Library/Frameworks/ImageIO.framework/Versions/A/Resources/libRadiance.dylib
0x000000001df91000 	/System/Library/PrivateFrameworks/AppleJPEG.framework/Versions/A/AppleJPEG
0x000000001df91000 	/System/Library/Frameworks/MetalPerformanceShaders.framework/Frameworks/MPSCore.framework/Versions/A/MPSCore
0x000000001df91000 	/System/Library/Frameworks/MetalPerformanceShaders.framework/Frameworks/MPSImage.framework/Versions/A/MPSImage
0x000000001df91000 	/System/Library/Frameworks/MetalPerformanceShaders.framework/Frameworks/MPSNeuralNetwork.framework/Versions/A/MPSNeuralNetwork
0x000000001df91000 	/System/Library/Frameworks/MetalPerformanceShaders.framework/Frameworks/MPSMatrix.framework/Versions/A/MPSMatrix
0x000000001df91000 	/System/Library/PrivateFrameworks/MetalTools.framework/Versions/A/MetalTools
0x000000001df91000 	/System/Library/Frameworks/OpenGL.framework/Versions/A/Libraries/libGLU.dylib
0x000000001df91000 	/System/Library/Frameworks/OpenGL.framework/Versions/A/Libraries/libGFXShared.dylib
0x000000001df91000 	/System/Library/Frameworks/OpenGL.framework/Versions/A/Libraries/libGL.dylib
0x000000001df91000 	/System/Library/Frameworks/OpenGL.framework/Versions/A/Libraries/libGLImage.dylib
0x000000001df91000 	/System/Library/Frameworks/OpenGL.framework/Versions/A/Libraries/libCVMSPluginSupport.dylib
0x000000001df91000 	/System/Library/Frameworks/OpenGL.framework/Versions/A/Libraries/libCoreVMClient.dylib
0x000000001df91000 	/usr/lib/libcups.2.dylib
0x000000001df91000 	/System/Library/Frameworks/Kerberos.framework/Versions/A/Kerberos
0x000000001df91000 	/System/Library/Frameworks/GSS.framework/Versions/A/GSS
0x000000001df91000 	/usr/lib/libresolv.9.dylib
0x000000001df91000 	/usr/lib/libiconv.2.dylib
0x000000001df91000 	/System/Library/PrivateFrameworks/Heimdal.framework/Versions/A/Heimdal
0x000000001df91000 	/usr/lib/libheimdal-asn1.dylib
0x000000001df91000 	/System/Library/Frameworks/OpenDirectory.framework/Versions/A/OpenDirectory
0x000000001df91000 	/System/Library/PrivateFrameworks/CommonAuth.framework/Versions/A/CommonAuth
0x000000001df91000 	/System/Library/Frameworks/OpenDirectory.framework/Versions/A/Frameworks/CFOpenDirectory.framework/Versions/A/CFOpenDirectory
0x000000001df91000 	/System/Library/Frameworks/SecurityFoundation.framework/Versions/A/SecurityFoundation
0x000000001df91000 	/System/Library/PrivateFrameworks/APFS.framework/Versions/A/APFS
0x000000001df91000 	/usr/lib/libutil.dylib
0x000000001df91000 	/System/Library/PrivateFrameworks/AppleSauce.framework/Versions/A/AppleSauce
0x000000001df91000 	/System/Library/PrivateFrameworks/LinguisticData.framework/Versions/A/LinguisticData
0x000000001df91000 	/usr/lib/libmarisa.dylib
0x000000001df91000 	/System/Library/PrivateFrameworks/Lexicon.framework/Versions/A/Lexicon
0x000000001df91000 	/usr/lib/libChineseTokenizer.dylib
0x000000001df91000 	/usr/lib/libcmph.dylib
0x000000001df91000 	/System/Library/PrivateFrameworks/LanguageModeling.framework/Versions/A/LanguageModeling
0x000000001df91000 	/System/Library/PrivateFrameworks/CoreEmoji.framework/Versions/A/CoreEmoji
0x000000001df91000 	/System/Library/Frameworks/ServiceManagement.framework/Versions/A/ServiceManagement
0x000000001df91000 	/System/Library/PrivateFrameworks/BackgroundTaskManagement.framework/Versions/A/BackgroundTaskManagement
0x000000001df91000 	/usr/lib/libxslt.1.dylib
0x000000001df91000 	/System/Library/Frameworks/Carbon.framework/Versions/A/Frameworks/Ink.framework/Versions/A/Ink
0x000000001df91000 	/System/Library/PrivateFrameworks/TextureIO.framework/Versions/A/TextureIO
0x000000001df91000 	/usr/lib/libate.dylib
0x000000001df91000 	/System/Library/PrivateFrameworks/CrashReporterSupport.framework/Versions/A/CrashReporterSupport
0x000000001df91000 	/System/Library/PrivateFrameworks/Sharing.framework/Versions/A/Sharing
0x000000001df91000 	/System/Library/PrivateFrameworks/IconServices.framework/Versions/A/IconServices
0x000000001df91000 	/System/Library/PrivateFrameworks/AuthKit.framework/Versions/A/AuthKit
0x000000001df91000 	/System/Library/PrivateFrameworks/Apple80211.framework/Versions/A/Apple80211
0x000000001df91000 	/System/Library/PrivateFrameworks/CoreUtils.framework/Versions/A/CoreUtils
0x000000001df91000 	/System/Library/Frameworks/CoreWLAN.framework/Versions/A/CoreWLAN
0x000000001df91000 	/System/Library/Frameworks/IOBluetooth.framework/Versions/A/IOBluetooth
0x000000001df91000 	/System/Library/PrivateFrameworks/ProtocolBuffer.framework/Versions/A/ProtocolBuffer
0x000000001df91000 	/System/Library/PrivateFrameworks/MobileKeyBag.framework/Versions/A/MobileKeyBag
0x000000001df91000 	/System/Library/PrivateFrameworks/CorePhoneNumbers.framework/Versions/A/CorePhoneNumbers
0x000000001df91000 	/System/Library/PrivateFrameworks/AppleIDAuthSupport.framework/Versions/A/AppleIDAuthSupport
0x000000001df91000 	/System/Library/PrivateFrameworks/KeychainCircle.framework/Versions/A/KeychainCircle
0x000000001df91000 	/System/Library/PrivateFrameworks/CoreWiFi.framework/Versions/A/CoreWiFi
0x000000001df91000 	/System/Library/Frameworks/CoreBluetooth.framework/Versions/A/CoreBluetooth
0x000000001df91000 	/System/Library/PrivateFrameworks/DebugSymbols.framework/Versions/A/DebugSymbols
0x000000001df91000 	/System/Library/PrivateFrameworks/CoreSymbolication.framework/Versions/A/CoreSymbolication
0x000000001df91000 	/System/Library/PrivateFrameworks/Symbolication.framework/Versions/A/Symbolication
0x000000001df91000 	/System/Library/PrivateFrameworks/AppleFSCompression.framework/Versions/A/AppleFSCompression
0x000000001df91000 	/System/Library/PrivateFrameworks/SpeechRecognitionCore.framework/Versions/A/SpeechRecognitionCore
0x000000010da00000 	/Library/Java/JavaVirtualMachines/jdk1.8.0_101.jdk/Contents/Home/jre/lib/server/libjvm.dylib
0x000000001df91000 	/usr/lib/libstdc++.6.0.9.dylib
0x000000010d0cb000 	/Library/Java/JavaVirtualMachines/jdk1.8.0_101.jdk/Contents/Home/jre/lib/libverify.dylib
0x000000010d0d9000 	/Library/Java/JavaVirtualMachines/jdk1.8.0_101.jdk/Contents/Home/jre/lib/libjava.dylib
0x000000010d10f000 	/Library/Java/JavaVirtualMachines/jdk1.8.0_101.jdk/Contents/Home/jre/lib/libjdwp.dylib
0x000000010d15a000 	/Library/Java/JavaVirtualMachines/jdk1.8.0_101.jdk/Contents/Home/jre/lib/libnpt.dylib
0x000000010d15e000 	/Library/Java/JavaVirtualMachines/jdk1.8.0_101.jdk/Contents/Home/jre/lib/libinstrument.dylib
0x000000010e99d000 	/Library/Java/JavaVirtualMachines/jdk1.8.0_101.jdk/Contents/Home/jre/lib/libzip.dylib
0x000000001df91000 	/System/Library/Frameworks/JavaVM.framework/Versions/A/Frameworks/JavaRuntimeSupport.framework/Versions/A/JavaRuntimeSupport
0x000000001df91000 	/System/Library/Frameworks/JavaVM.framework/Versions/A/Frameworks/JavaNativeFoundation.framework/Versions/A/JavaNativeFoundation
0x000000001df91000 	/System/Library/Frameworks/JavaVM.framework/Versions/A/JavaVM
0x000000001df91000 	/System/Library/Frameworks/Carbon.framework/Versions/A/Carbon
0x000000001df91000 	/System/Library/PrivateFrameworks/JavaLaunching.framework/Versions/A/JavaLaunching
0x000000001df91000 	/System/Library/Frameworks/Carbon.framework/Versions/A/Frameworks/CommonPanels.framework/Versions/A/CommonPanels
0x000000001df91000 	/System/Library/Frameworks/Carbon.framework/Versions/A/Frameworks/Help.framework/Versions/A/Help
0x000000001df91000 	/System/Library/Frameworks/Carbon.framework/Versions/A/Frameworks/ImageCapture.framework/Versions/A/ImageCapture
0x000000001df91000 	/System/Library/Frameworks/Carbon.framework/Versions/A/Frameworks/OpenScripting.framework/Versions/A/OpenScripting
0x000000001df91000 	/System/Library/Frameworks/Carbon.framework/Versions/A/Frameworks/Print.framework/Versions/A/Print
0x000000001df91000 	/System/Library/Frameworks/Carbon.framework/Versions/A/Frameworks/SecurityHI.framework/Versions/A/SecurityHI
0x000000010f962000 	/Library/Java/JavaVirtualMachines/jdk1.8.0_101.jdk/Contents/Home/jre/lib/libdt_socket.dylib

VM Arguments:
jvm_args: -agentlib:jdwp=transport=dt_socket,address=127.0.0.1:59712,suspend=y,server=n -javaagent:/Users/dylanbarteling/Library/Caches/IntelliJIdea2018.2/captureAgent/debugger-agent.jar=file:/private/var/folders/h5/fm0yzg0n60g2csw9r8cdxg0w0000gn/T/capture.props -Dfile.encoding=UTF-8 
java_command: Main.Main
java_class_path (initial): /Library/Java/JavaVirtualMachines/jdk1.8.0_101.jdk/Contents/Home/jre/lib/charsets.jar:/Library/Java/JavaVirtualMachines/jdk1.8.0_101.jdk/Contents/Home/jre/lib/deploy.jar:/Library/Java/JavaVirtualMachines/jdk1.8.0_101.jdk/Contents/Home/jre/lib/ext/cldrdata.jar:/Library/Java/JavaVirtualMachines/jdk1.8.0_101.jdk/Contents/Home/jre/lib/ext/dnsns.jar:/Library/Java/JavaVirtualMachines/jdk1.8.0_101.jdk/Contents/Home/jre/lib/ext/jaccess.jar:/Library/Java/JavaVirtualMachines/jdk1.8.0_101.jdk/Contents/Home/jre/lib/ext/jfxrt.jar:/Library/Java/JavaVirtualMachines/jdk1.8.0_101.jdk/Contents/Home/jre/lib/ext/localedata.jar:/Library/Java/JavaVirtualMachines/jdk1.8.0_101.jdk/Contents/Home/jre/lib/ext/nashorn.jar:/Library/Java/JavaVirtualMachines/jdk1.8.0_101.jdk/Contents/Home/jre/lib/ext/sunec.jar:/Library/Java/JavaVirtualMachines/jdk1.8.0_101.jdk/Contents/Home/jre/lib/ext/sunjce_provider.jar:/Library/Java/JavaVirtualMachines/jdk1.8.0_101.jdk/Contents/Home/jre/lib/ext/sunpkcs11.jar:/Library/Java/JavaVirtualMachines/jdk1.8.0_101.jdk/Contents/Home/jre/lib/ext/zipfs.jar:/Library/Java/JavaVirtualMachines/jdk1.8.0_101.jdk/Contents/Home/jre/lib/javaws.jar:/Library/Java/JavaVirtualMachines/jdk1.8.0_101.jdk/Contents/Home/jre/lib/jce.jar:/Library/Java/JavaVirtualMachines/jdk1.8.0_101.jdk/Contents/Home/jre/lib/jfr.jar:/Library/Java/JavaVirtualMachines/jdk1.8.0_101.jdk/Contents/Home/jre/lib/jfxswt.jar:/Library/Java/JavaVirtualMachines/jdk1.8.0_101.jdk/Contents/Home/jre/lib/jsse.jar:/Library/Java/JavaVirtualMachines/jdk1.8.0_101.jdk/Contents/Home/jre/lib/management-agent.jar:/Library/Java/JavaVirtualMachines/jdk1.8.0_101.jdk/Contents/Home/jre/lib/plugin.jar:/Library/Java/JavaVirtualMachines/jdk1.8.0_101.jdk/Contents/Home/jre/lib/resources.jar:/Library/Java/JavaVirtualMachines/jdk1.8.0_101.jdk/Contents/Home/jre/lib/rt.jar:/Library/Java/JavaVirtualMachines/jdk1.8.0_101.jdk/Contents/Home/lib/ant-javafx.jar:/Library/Java/JavaVirtualMachines/jdk1.8.0_101.jdk/Contents/Home
Launcher Type: SUN_STANDARD

Environment Variables:
PATH=/Users/dylanbarteling/anaconda3/bin:/Library/Frameworks/Python.framework/Versions/3.6/bin:/usr/local/bin:/usr/bin:/bin:/usr/sbin:/sbin:/usr/local/share/dotnet:/Library/Frameworks/Mono.framework/Versions/Current/Commands
SHELL=/bin/bash

Signal Handlers:
SIGSEGV: [libjvm.dylib+0x5af145], sa_mask[0]=11111111011111110111111111111111, sa_flags=SA_ONSTACK|SA_RESTART|SA_SIGINFO
SIGBUS: [libjvm.dylib+0x5af145], sa_mask[0]=11111111011111110111111111111111, sa_flags=SA_RESTART|SA_SIGINFO
SIGFPE: [libjvm.dylib+0x48694c], sa_mask[0]=11111111011111110111111111111111, sa_flags=SA_RESTART|SA_SIGINFO
SIGPIPE: [libjvm.dylib+0x48694c], sa_mask[0]=11111111011111110111111111111111, sa_flags=SA_RESTART|SA_SIGINFO
SIGXFSZ: [libjvm.dylib+0x48694c], sa_mask[0]=11111111011111110111111111111111, sa_flags=SA_RESTART|SA_SIGINFO
SIGILL: [libjvm.dylib+0x48694c], sa_mask[0]=11111111011111110111111111111111, sa_flags=SA_RESTART|SA_SIGINFO
SIGUSR1: SIG_DFL, sa_mask[0]=00000000000000000000000000000000, sa_flags=none
SIGUSR2: [libjvm.dylib+0x48646a], sa_mask[0]=00100000000000000000000000000000, sa_flags=SA_RESTART|SA_SIGINFO
SIGHUP: [libjvm.dylib+0x484a41], sa_mask[0]=11111111011111110111111111111111, sa_flags=SA_RESTART|SA_SIGINFO
SIGINT: [libjvm.dylib+0x484a41], sa_mask[0]=11111111011111110111111111111111, sa_flags=SA_RESTART|SA_SIGINFO
SIGTERM: [libjvm.dylib+0x484a41], sa_mask[0]=11111111011111110111111111111111, sa_flags=SA_RESTART|SA_SIGINFO
SIGQUIT: [libjvm.dylib+0x484a41], sa_mask[0]=11111111011111110111111111111111, sa_flags=SA_RESTART|SA_SIGINFO


---------------  S Y S T E M  ---------------

OS:Bsduname:Darwin 17.7.0 Darwin Kernel Version 17.7.0: Thu Jun 21 22:53:14 PDT 2018; root:xnu-4570.71.2~1/RELEASE_X86_64 x86_64
rlimit: STACK 8192k, CORE 0k, NPROC 1418, NOFILE 10240, AS infinity
load average:3.22 2.79 2.48

CPU:total 4 (2 cores per cpu, 2 threads per core) family 6 model 142 stepping 9, cmov, cx8, fxsr, mmx, sse, sse2, sse3, ssse3, sse4.1, sse4.2, popcnt, avx, avx2, aes, clmul, erms, 3dnowpref, lzcnt, ht, tsc, tscinvbit, bmi1, bmi2, adx

Memory: 4k page, physical 16777216k(435440k free)

/proc/meminfo:


vm_info: Java HotSpot(TM) 64-Bit Server VM (25.101-b13) for bsd-amd64 JRE (1.8.0_101-b13), built on Jun 22 2016 02:42:15 by "java_re" with gcc 4.2.1 (Based on Apple Inc. build 5658) (LLVM build 2336.11.00)

time: Mon Sep 10 16:03:32 2018
elapsed time: 170 seconds (0d 0h 2m 50s)

